[    0.000000] Initializing cgroup subsys cpuset
[    0.00000] Initializing cgroup subsys cpu
[    0.000000] Initializing cgroup subsys cpuacct
[    0.000000] Linux version 4.4.0-130-generic (buildd@lgw01-amd64-039) (gcc version 5.4.0 20160609 (Ubuntu 5.4.0-6ubuntu1~16.04.9) ) #156-Ubuntu SMP Thu Jun 14 08:53:28 TC2018 (Ubuntu 4.4.0-130.156-generic 4.4.134)
[    0.00000] Command line: BOOT_IMAGE/boot/vmlinuz-4.4.0-130-generic root=LABEL=cloudimg-rootfs ro console=tty1 console=ttyS0
[    0.000000] KERNEL supported cpus:
[    0.000000]   Itel GenuineIntel
[    0.000000]   AMD AuthenticAMD
[    0.000000]   Centaur CentaurHauls
[    0.000000] x86/fpu: xstate_offset[2]:  576, xstate_sizes[2]:  256
[    0.00000] x86/fpu: Suporting XSAVE feature 0x01: 'x87 floating point registers'
[    0.000000] x86/fpu: Supporting XSAVE feature 0x02: 'SSE registers'
[    0.000000] x86/fpu: Supporting XSAVE feature 0x04: 'AVX registers'
[    0.000000] x86/fpu: Enabled xstate features 0x7, context size is 832 bytes, using 'standard' format.
[    0.000000] x86/fpu: Using 'eager' FPU contet switches.
[    0.000000] e820: BIOS-provded pysical RAM map:
[    0.000000] BIOS-e820: [mem 0x0000000000000000-0x000000000009fbff] usable
[    0.000000] BIOS-e820 [mem 0x000000000009fc00-0x000000000009ffff] reserved
[    0.000000] BIOS-e820: [mem 0x0000000000f0000-0x00000000000fffff] reserved
[    0.000000]BIOS-e820: [me 0x000000000100000-0x000000003ffeffff] usable
[    0.000000] BIOS-e820 [mem 0x000000003fff0000-0x000000003fffffff] ACPI data
[    0.00000] BIOS-e820: [mem 0x00000000fec00000-0x00000000fec00fff] reserved
[    0.000000] BIOS-e820: [mem 0x00000000fee00000-0x00000000fee00fff] reserved
[    0.000000] BIOS-e820: [mem 0x0000000fffc0000-0x0000000ffffffff] reserved
[    0.000000] NX Execute Disable) protection: active
[    0.00000] SMBIOS 2.5 pesent.
[    0.000000] Hypervisor detected: KVM
[    0.000000] e820: last_pfn = 0x3fff0 max_arch_pfn = 0x400000000
[    0.000000] MTRR: Disabled
[    0.000000] x86/PAT: MTRRs disabled, skipping PAT initialization too.
[    0.000000] CPU MTRRs all blank - virtualized system.
[    0.000000] x86/PAT: Configuration [0-7]: WB  WT  UC- UC  WB  WT  UC- UC  
[    0.000000] found SMP MP-table at [mem 0x0009fff0-0x0009ffff] mapped at [ffff88000009fff0]
[    0.000000] Scanning 1 areas for low memory corruption
[    0.000000] RAMDISK: [mem 0x36aa4000-0x37549fff]
[    0.000000] ACPI: Early table checksum verification disabled
[    0.000000] ACPI: RSDP 0x00000000000E0000 000024 (v02 VBOX  )
[    0.000000] ACPI: XSDT 0x000000003FFF0030 00003C (v01 VBOX   VBOXXSDT 00000001 ASL  00000061)
[    0.000000] ACPI: FACP 0x000000003FFF00F0 0000F4 (v04 VBOX   VBOXFACP 00000001 ASL  00000061)
[    0.000000] ACPI: DSDT 0x000000003FFF0470 0021FF (v02 VBOX   VBOXBIOS 00000002 INTL 20100528)
[    0.000000] ACPI: FACS 0x000000003FFF0200 000040
[[    0.000000] ACPI: FACS 0x000000003FFF0200 000040
[    0.000000] ACPI: APIC 0x000000003FFF0240 00005C (v02 VBOX   VBOXAPIC 00000001 ASL  00000061)
[    0.000000] ACPI: SSDT 0x000000003FFF02A0 0001CC (v01 VBOX   VBOXCPUT 00000002 INTL 20100528)
[    0.000000] No NUMA configuration found
[    0.000000] Faking a node at [mem 0x0000000000000000-0x000000003ffeffff]
[    0.000000] NODE_DATA(0) allocated [mem 0x3ffeb000-0x3ffeffff]
[    0.000000] kvm-clock: Using msrs 4b564d01 and 4b564d00
[    0.000000] kvm-clock: cpu 0, msr 0:3ffe3001, primary cpu clock
[    0.000000] kvm-clock: using sched offset of 3648704490 cycles
[    0.000000] clocksource: kvm-clock: mask: 0xffffffffffffffff max_cycles: 0x1cd42e4dffb, max_idle_ns: 881590591483 ns
[    0.000000] Zone ranges:
[    0.000000]   DMA      [mem 0x0000000000001000-0x0000000000ffffff]
[    0.000000]   DMA32    [mem 0x0000000001000000-0x000000003ffeffff]
[    0.000000]   Normal   empty
[    0.000000]   Device   empty
[    0.000000] Movable zone start for each node
[    0.000000] Early memory node ranges
[    0.000000]   node   0: [mem 0x0000000000001000-0x000000000009efff]
[    0.000000]   node   0: [mem 0x0000000000100000-0x000000003ffeffff]
[    0.000000] Initmem setup node 0 [mem 0x0000000000001000-0x000000003ffeffff]
[    0.000000] ACPI: PM-Timer IO Port: 0x4008
[    0.000000] IOAPIC[0]: apic_id 2, version 32, address 0xfec00000, GSI 0-23
[    0.000000] ACPI: INT_SRC_OVR (bus 0 bus_irq 0 global_irq 2 dfl dfl)
[    0.000000] ACPI: INT_SRC_OVR (bus 0 bus_irq 9 global_irq 9 low level)
[    0.000000] Using ACPI (MADT) for SMP configuration information
[    0.000000] smpboot: Allowing 2 CPUs, 0 hotplug CPUs
[    0.000000] PM: Registered nosave memory: [mem 0x00000000-0x00000fff]
[    0.000000] PM: Registered nosave memory: [mem 0x0009f000-0x0009ffff]
[    0.000000] PM: Registered nosave memory: [mem 0x000a0000-0x000effff]
[    0.000000] PM: Registered nosave memory: [mem 0x000f0000-0x000fffff]
[    0.000000] e820: [mem 0x40000000-0xfebfffff] available for PCI devices
[    0.000000] Booting paravirtualized kernel on KVM
[    0.000000] clocksource: refined-jiffies: mask: 0xffffffff max_cycles: 0xffffffff, max_idle_ns: 7645519600211568 ns
[    0.000000] setup_percpu: NR_CPUS:512 nr_cpumask_bits:512 nr_cpu_ids:2 nr_node_ids:1
[    0.000000] PERCPU: Embedded 34 pages/cpu @ffff88003fc00000 s99544 r8192 d31528 u1048576
[    0.000000] PV qspinlock hash table entries: 256 (order: 0, 4096 bytes)
[    0.000000] Built 1 zonelists in Node order, mobility grouping on.  Total pages: 257912
[    0.000000] Policy zone: DMA32
[    0.000000] Kernel command line: BOOT_IMAGE=/boot/vmlinuz-4.4.0-130-generic root=LABEL=cloudimg-rootfs ro console=tty1 console=ttyS0
[    0.000000] PID hash table entries: 4096 (order: 3, 32768 bytes)
[    0.000000] Memory: 1001612K/1048120K available (8546K kernel code, 1313K rwdata, 4000K rodata, 1516K init, 1316K bss, 46508K reserved, K cma-reserved)
[    0.000000] SLUB: HWalign=64, Order=0-3, MinObjects=0, CPUs=2, Nodes=1
[    0.000000 Kernel/User page tables isolation: enabled
[    0.000000] Hierarchical RCU implementation.
[    0.000000] 	Build-time adjustment of leaf fanout to 64.
[    0.000000] 	RCU restricting CPUs from NR_CPUS=512 to nr_cpu_ids=2.
[    0.000000] RCU: Adjusting geometry for rcu_fanout_leaf=64, nr_cpu_ids=2
[    0.000000] NR_IRQS:33024 nr_irqs:440 16
[    0.000000] Console: colour VGA+ 80x25
[    0.000000] console [tty1] enabled
[    0.000000] console [ttyS0] enabled
[    0.00000] ts: Detected 1599.999 MHz processor
[    0.774230] Calibrating delay loop (skipped) preset value.. 3199.99 BogoMIPS (lpj=6399996)
[    0.778474] pid_max: default: 32768 minimum: 301
[    0.783825] ACPI: Core revision 20150930
[    0.786522] ACPI: 2 ACPI AML tables successfully acquired and loaded
[    0.800734] Security Framework initialized
[    0.802522] Yama: becoming mindful.
[    0.808273] AppArmor: AppArmor initialized
[    0.815830] Dentry cache hash table entries: 131072 (order: 8, 1048576 bytes)
[    0.824157] Inode-cache hash table entries: 65536 (order: 7, 524288 bytes)
[    0.841471] Mount-cache hash table entries: 2048 (order: 2, 16384 bytes)
[    0.845186] Mountpoint-cache hash table entries: 2048 (order: 2, 16384 bytes)
[    0.849622] Initializing cgroup subsys io
[    0.851676] Initializing cgroup subsys memory
[    0.860214] Initializing cgroup subsys devices
[    0.862241] Initializing cgroup subsys freezer
[    0.864174] Initializing cgroup subsys net_cls
[    0.866068] Initializing cgroup subsys perf_event
[    0.868097] Initializing cgroup subsys net_prio
[    0.871348] Initializing cgroup subsys hugetlb
[    0.873064] Initializing cgroup subsys pids
[    0.874731] CPU: Physical Processor ID: 0
[    0.881033] CPU: Processor Core ID: 0
[    0.884728] mce: CPU supports 0 MCE banks
[    0.888622] Last level iTLB entries: 4KB 64, 2MB 8, 4MB 8
[    0.895903] Last level dTLB entries: 4KB 64, 2MB 0, 4MB 0, 1GB 4
[    0.905122] Spectre V2 : Mitigation: Full generic retpoline
[    0.916400] Spectre V2 : Speculation control IBPB not-supported IBRS not-supported
[    0.919203] Speculative Store Bypass: Vulnerable
[    0.924215] Freeing SMP alternatives memory: 32K
[    0.937843] ftrace: allocating 32245 entries in 126 pages
[    1.004386] smpboot: APIC(0) Converting physical 0 to logical package 0
[    1.007405] smpboot: Max logical packages: 1
[    1.010630] x2apic enabled
[    1.016827] Switched APIC routing to physical x2apic.
[    1.023734] ..TIMER: vector=0x30 apic1=0 pin1=2 apic2=-1 pin2=-1
[    1.135155] smpboot: CPU0: Intel(R) Core(TM) i5-5250U CPU @ 1.60GHz (family: 0x6, model: 0x3d, stepping: 0x4)
[    1.143859] Performance Events: unsupported p6 CPU model 61 no PMU driver, software events only.
[    1.160574] KVM setup paravirtual spinlock
[    1.163454] x86: Booting SMP configuration:
[    1.176969] .... node  #0, CPUs:      #1
[    1.179479] kvm-clock: cpu 1, msr 0:3ffe3041, secondary cpu clock
[    1.182722] mce: CPU supports 0 MCE banks
[    1.186034] x86: Booted up 1 node, 2 CPUs
[    1.192352] smpboot: Total of 2 processors activated (6399.99 BogoMIPS)
[    1.200720] devtmpfs: initialized
[    1.209036] evm: security.selinux
[    1.214128] evm: security.SMACK64
[    1.215770] evm: security.SMACK64EXEC
[    1.217410] evm: security.SMACK64TRANSMUTE
[    1.219287] evm: security.SMACK64MMAP
[    1.221300] evm: security.ima
[    1.225164] evm: security.capability
[    1.227351] clocksource: jiffies: mask: 0xffffffff max_cycles: 0xffffffff, max_idle_ns: 7645041785100000 ns
[    1.234155] futex hash table entries: 512 (order: 3, 32768 bytes)
[    1.237024] pinctrl core: initialized pinctrl subsystem
[    1.241015] RTC time: 21:26:29, date: 08/01/18
[    1.243178] NET: Registered protocol family 16
[    1.255812] cpuidle: using governor ladder
[    1.276280] cpuidle: using governor menu
[    1.280939] PCCT header not found.
[    1.287406] ACPI: bus type PCI registered
[    1.289042] acpiphp: ACPI Hot Plug PCI Controller Driver version: 0.5
[    1.299490] PCI: Using configuration type 1 for base access
[    1.317687] ACPI: Added _OSI(Module Device)
[    1.324622] ACPI: Added _OSI(Processor Device)
[    1.327632] ACPI: Added _OSI(3.0 _SCP Extensions)
[    1.336199] ACPI: Added _OSI(Processor Aggregator Device)
[    1.344949] ACPI: Executed 1 blocks of module-level executable AML code
[    1.363674] ACPI: Interpreter enabled
[    1.365760] ACPI: (supports S0 S5)
[    1.368506] ACPI: Using IOAPIC for interrupt routing
[    1.370974] PCI: Using host bridge windows from ACPI; if necessary, use "pci=nocrs" and report a bug
[    1.380097] ACPI: PCI Root Bridge [PCI0] (domain 0000 [bus 00-ff])
[    1.382763] acpi PNP0A03:00: _OSC: OS supports [ASPM ClockPM Segments MSI]
[    1.401078] acpi PNP0A03:00: _OSC: not requesting OS control; OS requires [ExtendedConfig ASPM ClockPM MSI]
[    1.407806] acpi PNP0A03:00: fail to add MMCONFIG information, can't access extended PCI configuration space under this bridge.
[    1.419710] PCI host bridge to bus 0000:00
[    1.421724] pci_bus 0000:00: root bus resource [io  0x0000-0x0cf7 window]
[    1.425109] pci_bus 0000:00: root bus resource [io  0x0d00-0xffff window]
[    1.432131] pci_bus 0000:00: root bus resource [mem 0x000a0000-0x000bffff window]
[    1.435287] pci_bus 0000:00: root bus resource [mem 0x40000000-0xfdffffff window]
[    1.441962] pci_bus 0000:00: root bus resource [bus 00-ff]
[    1.448179] pci 0000:00:01.1: legacy IDE quirk: reg 0x10: [io  0x01f0-0x01f7]
[    1.450877] pci 0000:00:01.1: legacy IDE quirk: reg 0x14: [io  0x03f6]
[    1.457356] pci 0000:00:01.1: legacy IDE quirk: reg 0x18: [io  0x0170-0x0177]
[    1.476086] pci 0000:00:01.1: legacy IDE quirk: reg 0x1c: [io  0x0376]
[    1.508548] pci 0000:00:07.0: quirk: [io  0x4000-0x403f] claimed by PIIX4 ACPI
[    1.513997] pci 0000:00:07.0: quirk: [io  0x4100-0x410f] claimed by PIIX4 SMB
[    1.535861] ACPI: PCI Interrupt Link [LNKA] (IRQs 5 9 10 *11)
[    1.539393] ACPI: PCI Interrupt Link [LNKB] (IRQs 5 9 *10 11)
[    1.548758] ACPI: PCI Interrupt Link [LNKC] (IRQs 5 *9 10 11)
[    1.555106] ACPI: PCI Interrupt Link [LNKD] (IRQs 5 9 10 *11)
[    1.562087] ACPI: Enabled 2 GPEs in block 00 to 07
[    1.568862] vgaarb: setting as boot device: PCI:0000:00:02.0
[    1.572687] vgaarb: device added: PCI:0000:00:02.0,decodes=io+mem,owns=io+mem,locks=none
[    1.576235] vgaarb: loaded
[    1.583463] vgaarb: bridge control possible 0000:00:02.0
[    1.585777] SCSI subsystem initialized
[    1.588844] ACPI: bus type USB registered
[    1.593244] usbcore: registered new interface driver usbfs
[    1.600374] usbcore: registered new interface driver hub
[    1.603812] usbcore: registered new device driver usb
[    1.608365] PCI: Using ACPI for IRQ routing
[    1.612174] NetLabel: Initializing
[    1.613874] NetLabel:  domain hash size = 128
[    1.616923] NetLabel:  protocols = UNLABELED CIPSOv4
[    1.618967] NetLabel:  unlabeled traffic allowed by default
[    1.628389] amd_nb: Cannot enumerate AMD northbridges
[    1.636598] clocksource: Switched to clocksource kvm-clock
[    1.655985] AppArmor: AppArmor Filesystem Enabled
[    1.658063] pnp: PnP ACPI init
[   1.660882 pnp: PnP ACPI: found 3 devices

[    1.727141] clocksource: acpi_pm: mask: 0xffffff max_cycles: 0xffffff, max_idle_ns: 2085701024 ns
[    1.730774] NET: Registered protocol family 2
[    1.732783] TCP established hash table entries: 8192 (order 4, 65536 bytes)
[    1.765981] TCP bind hash table entries: 8192 (order: 5, 131072 bytes)
[    1.76853] TP: Hash tales configured (esablished 8192 bind 8192)
[    1.871456] DP hash table entries: 512 (order: 2, 16384 bytes)
[    1.899452] UDP-Lite hash table entries: 512 (order: 2, 16384 ytes)
[    1.27577] NET: Registered potoco family 1
[    2.04858] pci 000:00:000: Limiting direct PCI/PCI ransfers
[    2.10256] pci 0000:00:01.0: Activating ISA DMA hang workarounds
[    2.137187] Unpacking initramfs...

[    4.06303] Freeing initrd memoy: 10904K

[    4.261055] RAPL PMU detected, API unit is 2^-32 Joules, 4 fixed counters 10737418240 ms ovfl timer
[    4.278450] hw unit of domain pp0-core 2^-0 Joules
[    4.282823] hw unit of domain package 2^-0 Joules
[    4.284805] hw unit of domain dram 2^-0 Joules
[    4.286580] hw unit of domain pp1-gpu 2^-0 Joules
[    4.293754] platform rtc_cmos: registered platform RTC device (no PNP device found)
[    4.299550] Scanning for low memory corruption every 60 seconds
[    4.305646] audit: initializing netlink subsys (disabled)
[    4.307756] audit: type=2000 audit(1533158797.488:1): initialized
[    4.313912] Initialise system trusted keyring
[    4.316088] HugeTLB registered 2 MB page size, pre-allocated 0 pages
[    4.321498] zbud: loaded
[    4.323371] VFS: Disk quotas dquot_6.6.0
[    4.326334] VFS: Dquot-cache hash table entries: 512 (order 0, 4096 bytes)
[    4.329540] squashfs: version 4.0 (2009/01/31) Phillip Lougher
[    4.342902] fuse init (API version 7.23)
[    4.345453] Key type big_key registered
[    4.347094] Allocating IMA MOK and blacklist keyrings.
[    4.354234] Key type asymmetric registered
[    4.355869] Asymmetric key parser 'x509' registered
[    4.358092] Block layer SCSI generic (bsg) driver version 0.4 loaded (major 249)
[    4.360825] io scheduler noop registered
[    4.362870] io scheduler deadline registered (default)
[    4.364560] io scheduler cfq registered
[    4.366586] pci_hotplug: PCI Hot Plug PCI Core version: 0.5
[    4.368986] pciehp: PCI Express Hot Plug Controller Driver version: 0.4
[    4.371386] ACPI: AC Adapter [AC] (off-line)
[    4.372888] input: Power Button as /devices/LNXSYSTM:00/LNXPWRBN:00/input/input0
[    4.375257] ACPI: Power Button [PWRF]
[    4.376627] input: Sleep Button as /devices/LNXSYSTM:00/LNXSLPBN:00/input/input1
[    4.379460] ACPI: Sleep Button [SLPF]
[    4.381241] GHES: HEST is not enabled!
[    4.382703] ACPI: Battery Slot [BAT0] (battery present)
[    4.390402] Serial: 8250/16550 driver, 32 ports, IRQ sharing enabled
[    4.419337] 00:02: ttyS0 at I/O 0x3f8 (irq = 4, base_baud = 115200) is a 16550A
[    4.428023] Linux agpgart interface v0.103
[    4.433770] loop: module loaded
[    4.436112] scsi host0: ata_piix
[    4.438249] scsi host1: ata_piix
[    4.439853] ata1: PATA max UDMA/33 cmd 0x1f0 ctl 0x3f6 bmdma 0xd000 irq 14
[    4.442715] ata2: PATA max UDMA/33 cmd 0x170 ctl 0x376 bmdma 0xd008 irq 15
[    4.446134] libphy: Fixed MDIO Bus: probed
[    4.448242] tun: Universal TUN/TAP device driver, 1.6
[    4.452358] tun: (C) 1999-2004 Max Krasnyansky <maxk@qualcomm.com>
[    4.456395] PPP generic driver version 2.4.2
[    4.469389] ehci_hcd: USB 2.0 'Enhanced' Host Controller (EHCI) Driver
[    4.475045] ehci-pci: EHCI PCI platform driver
[    4.484070] ehci-platform: EHCI generic platform driver
[    4.491084] ohci_hcd: USB 1.1 'Open' Host Controller (OHCI) Driver
[    4.502097] ohci-pci: OHCI PCI platform driver
[    4.507047] ohci-platform: OHCI generic platform driver
[    4.511039] uhci_hcd: USB Universal Host Controller Interface driver
[    4.515513] i8042: PNP: PS/2 Controller [PNP0303:PS2K,PNP0f03:PS2M] at 0x60,0x64 irq 1,12
[    4.522753] serio: i8042 KBD rt at 0x60,0x64 irq 1
[    4.595962] serio: i8042 AUX port at 0x60,0x64 irq 12
[    4.602943] mousedev: PS/2 mouse device common for all mice
[    4.610787] input: AT Translated Set 2 keyboard as /devices/platform/i8042/serio0/input/input2
[    4.617448] rtc_cmos rtc_cmos: rtc core: registered rtc_cmos as rtc0
[    4.617520] rtc_cmos rtc_cmos: alarms up to one day, 114 bytes nvram
[    4.617528] i2c /dev entries driver
[    4.617592] device-mapper: uevent: version 1.0.3
[    4.617651] device-mapper: ioctl: 4.34.0-ioctl (2015-10-28) initialised: dm-devel@redhat.com
[    4.617670] ledtrig-cpu: registered to indicate activity on CPUs
[    4.625044] NET: Registered protocol family 10
[    4.625214] NET: Registered protocol family 17
[    4.625225] Key type dns_resolver registered
[    4.625490] registered taskstats version 1
[    4.625512] Loading compiled-in X.509 certificates
[    4.626218] Loaded X.509 cert 'Build time autogenerated kernel key: b3e0fe4bcd6378c38a2c0a4648abbc1fa5043a22'
[    4.626239] zswap: loaded using pool lzo/zbud
[    4.628899] Key type trusted registered
[    4.631730] Key type encrypted registered
[    4.631738] AppArmor: AppArmor sha1 policy hashing enabled
[    4.631741] ima: No TPM chip found, activating TPM-bypass!
[    4.631749] ima: Allocated hash algorithm: sha1
[    4.631766] evm: HMAC attrs: 0x1
[    4.632315]   Magic number: 14:688:448
[    4.632344] acpi APP0001:00: hash matches
[    4.638160] rtc_cmos rtc_cmos: setting system clock to 2018-08-01 21:26:33 UTC (1533158793)
[    4.638258] BIOS EDD facility v0.16 2004-Jun-25, 0 devices found
[    4.638258] EDD information not available.
[    4.705727] Freeing unused kernel memory: 1516K
[    4.725013] Write protecting the kernel read-only data: 14336k
[    4.734681] Freeing unused kernel memory: 1680K
[    4.744775] Freeing unused kernel memory: 96K
Loading, please wait...
starting version[    4.771943] random: systemd-udevd: uninitialized urandom read (16 bytes read, 5 bits of entropy available)
 229
[    4.772876] random: udevadm: uninitialized urandom read (16 bytes read, 5 bits of entropy available)
[    4.772900] random: udevadm: uninitialized urandom read (16 bytes read, 5 bits of entropy available)
[    4.782592] random: udevadm: uninitialized urandom read (16 bytes read, 5 bits of entropy available)
[    4.782711] random: udevadm: uninitialized urandom read (16 bytes read, 5 bits of entropy available)
[    4.782862] random: udevadm: uninitialized urandom read (16 bytes read, 5 bits of entropy available)
[    4.782917] random: udevadm: uninitialized urandom read (16 bytes read, 5 bits of entropy available)
[    4.782969] random: udevadm: uninitialized urandom read (16 bytes read, 5 bits of entropy available)
[    4.783021] random: udevadm: uninitialized urandom read (16 bytes read, 5 bits of entropy available)
[    4.783073] random: udevadm: uninitialized urandom read (16 bytes read, 5 bits of entropy available)
[    4.903052] e1000: Intel(R) PRO/1000 Network Driver - version 7.3.21-k8-NAPI
[    4.906088] e1000: Copyright (c) 1999-2006 Intel Corporation.
[    4.909424] Fusion MPT base driver 3.04.20
[    4.911480] Copyright (c) 1999-2008 LSI Corporation
[    4.921130] Fusion MPT SPI Host driver 3.04.20
[    4.937385] AVX2 version of gcm_enc/dec engaged.
[    4.939515] AES CTR mode by8 optimization enabled
[    5.124626] input: ImExPS/2 Generic Explorer Mouse as /devices/platform/i8042/serio1/input/input4
[    5.293127] tsc: Refined TSC clocksource calibration: 1599.350 MHz
[    5.306792] clocksource: tsc: mask: 0xffffffffffffffff max_cycles: 0x170dbedcd71, max_idle_ns: 440795237855 ns
[    5.335542] e1000 0000:00:03.0 eth0: (PCI:33MHz:32-bit) 02:c5:fa:e6:4f:6d
[    5.338257] e1000 0000:00:03.0 eth0: Intel(R) PRO/1000 Network Connection
[    5.347639] mptbase: ioc0: Initiating bringup
[    5.413214] ioc0: LSI53C1030 A0: Capabilities={Initiator}
[    5.588652] scsi host2: ioc0: LSI53C1030 A0, FwRev=00000000h, Ports=1, MaxQ=256, IRQ=20
[    5.702544] scsi 2:0:0:0: Direct-Access     VBOX     HARDDISK         1.0  PQ: 0 ANSI: 5
[    5.719250] scsi target2:0:0: Beginning Domain Validation
[    5.725670] scsi target2:0:0: Domain Validation skipping write tests
[    5.739203] scsi target2:0:0: Ending Domain Validation
[    5.743070] scsi target2:0:0: asynchronous
[    5.752446] scsi 2:0:1:0: Direct-Access     VBOX     HARDDISK         1.0  PQ: 0 ANSI: 5
[    5.756151] scsi target2:0:1: Beginning Domain Validation
[    5.759889] scsi target2:0:1: Domain Validation skipping write tests
[    5.763744] scsi target2:0:1: Ending Domain Validation
[    5.766084] scsi target2:0:1: asynchronous
[    5.818202] sd 2:0:0:0: Attached scsi generic sg0 type 0
[    5.826930] sd 2:0:1:0: Attached scsi generic sg1 type 0
[    5.835022] sd 2:0:0:0: [sda] 20971520 512-byte logical blocks: (10.7 GB/10.0 GiB)
[    5.844941] sd 2:0:1:0: [sdb] 20480 512-byte logical blocks: (10.5 MB/10.0 MiB)
[    5.850350] sd 2:0:1:0: [sdb] Write Protect is off
[    5.852569] sd 2:0:0:0: [sda] Write Protect is off
[    5.854709] sd 2:0:1:0: [sdb] Incomplete mode parameter data
[    5.857022] sd 2:0:1:0: [sdb] Assuming drive cache: write through
[    5.859571] sd 2:0:0:0: [sda] Incomplete mode parameter data
[    5.863410] sd 2:0:0:0: [sda] Assuming drive cache: write through
[    5.870764] sd 2:0:1:0: [sdb] Attached SCSI disk
[    5.873037]  sda: sda1
[    5.876030] sd 2:0:0:0: [sda] Attached SCSI disk
[    6.167280] e1000 0000:00:08.0 eth1: (PCI:33MHz:32-bit) 08:00:27:89:95:4c
[    6.173084] e1000 0000:00:08.0 eth1: Intel(R) PRO/1000 Network Connection
[    6.183921] e1000 0000:00:03.0 enp0s3: renamed from eth0
[    6.213269] e1000 0000:00:08.0 enp0s8: renamed from eth1
Begin: Loading essential drivers ... [    7.597960] md: linear personality registered for level -1
[    7.603082] md: multipath personality registered for level -4
[    7.614169] md: raid0 personality registered for level 0
[    7.626582] md: raid1 personality registered for level 1
[    7.700997] raid6: sse2x1   gen()  8240 MB/s
[    7.772867] raid6: sse2x1   xor()  6216 MB/s
[    7.841178] raid6: sse2x2   gen() 10018 MB/s
[    7.916753] raid6: sse2x2   xor()  4291 MB/s
[    7.990923] raid6: sse2x4   gen()  5977 MB/s
[    8.060623] raid6: sse2x4   xor()  7954 MB/s
[    8.132770] raid6: avx2x1   gen() 13992 MB/s
[    8.209896] raid6: avx2x2   gen() 18341 MB/s
[    8.280748] raid6: avx2x4   gen() 20726 MB/s
[    8.286770] raid6: using algorithm avx2x4 gen() 20726 MB/s
[    8.293101] raid6: using avx2x2 recovery algorithm
[    8.305079] xor: automatically using best checksumming function:
[    8.348853]    avx       : 21649.000 MB/sec
[    8.352729] async_tx: api initialized (async)
[    8.362990] md: raid6 personality registered for level 6
[    8.380247] md: raid5 personality registered for level 5
[    8.397434] md: raid4 personality registered for level 4
[    8.414109] md: raid10 personality registered for level 10
done.
Begin: Running /scripts/init-premount ... done.
Begin: Mounting root file system ... Begin: Running /scripts/local-top ... done.
Begin: Running /scripts/local-premount ... [    8.457987] Btrfs loaded
Scanning for Btrfs filesystems
done.
Warning: fsck not present, so skipping root file system
[    8.536080] EXT4-fs (sda1): mounted filesystem with ordered data mode. Opts: (null)
done.
Begin: Running /scripts/local-bottom ... done.
Begin: Running /scripts/init-bottom ... done.
[    8.678221] systemd[1]: systemd 229 running in system mode. (+PAM +AUDIT +SELINUX +IMA +APPARMOR +SMACK +SYSVINIT +UTMP +LIBCRYPTSETUP +GCRYPT +GNUTLS +ACL +XZ -LZ4 +SECCOMP +BLKID +ELFUTILS +KMOD -IDN)
[    8.690742] systemd[1]: Detected virtualization oracle.
[    8.694250] systemd[1]: Detected architecture x86-64.

Welcome to [1mUbuntu 16.04.4 LTS[0m!

[   8.733824] systemd[1]: Set hostname to <ubuntu>.

[    8.766059] systemd[1]: Initializing machine ID from random generator.
[    8.768212] systemd[1]: Installed transient /etc/machine-id file.
[    8.953127] systemd[1]: Listening on Journal Socket.
[[0;32m  OK  [0m] Listening on Journal Socket.
[    9.338366] system[1]: Listening on /dev/initctl Compatibility Nam Pipe.
[[0;32m  OK  [0m] Listening on /dev/initctl Compatibility Named Pipe.
[    9.621234] systemd[1]: Listening on udev Kernl Socket.
[[0;32m  OK  [0m] Listening on udev Kernel Socket.
[   9.953579] systemd[1: Listening on Journal Audit Socket.
[[0;32m  OK  [0m] Listening on Journal Audit Socket.
[   10.287619] systemd[1]: Set up automount Arbitrary Executable File Formats File System Automount Point.
[[0;32m  OK  [0m] Set up automount Arbitrary Executab...ats File System Automount Point.
[   10.353487] systemd[1]: Listening on Syslog Socket.
[[0;32m  OK  [0m] Listening on Syslog Socket.
[   10.375976] systemd[1]: Listening on LVM2 poll daemon socket.
[[0;32m  OK  [0m] Listening on LVM2 poll daemon socket.
[   10.382149] systemd[1]: Reached taret Encrypted Volumes.
[[0;32m  OK  [0m] Reached target Encrypted Volumes.
[  10.613462 sytemd[1]: Listening on Device-mapper event daemon FIFOs.
[[0;32m  OK  [0m] Listening on Device-mapper event daemon FIFOs.
[  10.953521] systemd[1] Reached trget System Time Synchronized.
[[0;32m  OK  [0m] Reached target System Time Synchronized.
[   11.323154] systemd[1]: Reached target Swap.
[[0;32m  OK  [0m] Reached target Swap.
[   11.331752] systemd[1]: Listening on udevControl Socket.
[[0;32m  OK  [0m] Listening on udev Control Socket.
[   11.621357] systemd[1]: Listening on LVM2 metadata daemon socket.
[[0;32m  OK  [0m] Listening on LVM2 metadata daemon socket.
[  11.646707] systemd[1]: Created slie System Slice.
[[0;32m  OK  [0m] Created slice System Slice.
[   11.825360] systemd[1]: Starting Nameserver information manager...
         Starting Nameserver information manager...
[   11.842534] systemd[1]: Mounting Debug File System...
         Mounting Debug File System...
[   11.862104] systemd[1]: Starting Load Kernel Modules...
         Starting Load Kernel Modules...
[   11.869163] systemd[1]: Starting Create list of required static device nodes for the current kernel...
         Starting Create list of required st... nodes for the current kernel...
[   11.883698] Loading iSCSI transport class v2.0-870.
[   11.885759] systemd[1]: Created slice system-serial\x2dgetty.slice.
[[0;32m  OK  [0m] Created slice system-serial\x2dgetty.slice.
[   11.896084] systemd[1]: Starting Uncomplicated firewall...
         Starting Uncomplicated firewall...[   11.900835] iscsi: registered transport (tcp)

[   11.904566] systemd[1]: Starting Monitoring of LVM2 mirrors, snapshots etc. using dmeventd or progress polling...
         Starting Monitoring of LVM2 mirrors... dmeventd or progress polling...
[   11.943688] iscsi: registered transport (iser)
[   11.951552] systemd[1]: Mounting Huge Pages File System...
         Mounting Huge Pages File System...
[   11.957746] systemd[1]: Starting Remount Root and Kernel File Systems...
[   11.960549] random: nonblocking pool is initialized
         Starting Remount Root and Kernel File Systems...
[   11.967669] systemd[1]: Created slice User and Session Slice.
[   11.978127] EXT4-fs (sda1): re-mounted. Opts: (null)
[[0;32m  OK  [0m] Created slice User and Session Slice.
[   11.985829] systemd[1]: Reached target Slices.
[[0;32m  OK  [0m] Reached target Slices.
[  12.033699] ystemd[1]: Started Forward Password Requests to Wall Directory Watch.

[[0;32m  OK  [0m] Started Forward Password Requests to Wall Directory Watch.
[   12.105302] systemd[1]: Mounting POSIX Message Queue File System...
         Mounting POSIX Message Queue File System...
[   12.123238] systemd[1]: Reached target User and Group Name Lookups.
[[0;32m  OK  [0m] Reached target User and Group Name Lookups.
[   12.146139] systemd[1]: Starting Set console keymap...
         Starting Set console keymap...
[   12.160786] systemd[1]: Listening on Journal Socket (/dev/log).
[[0;32m  OK  [0m] Listening on Journal Socket (/dev/log).
[   12.213146] systemd[1]: Starting Journal Service...
         Starting Journal Service...
[   12.231045] systemd[1]: Started Trigger resolvconf update for networkd DNS.
[[0;32m  OK  [0m] Started Trigger resolvconf update for networkd DNS.
[   12.240555] systemd[1]: Mounted POSIX Message Queue File System.
[[0;32m  OK  [0m] Mounted POSIX Message Queue File System.
[   12.276211] systemd[1]: Mounted Huge Pages File System.
[[0;32m  OK  [0m] Mounted Huge Pages File System.
[   12.293726] systemd[1]: Mounted Debug File System.
[[0;32m  OK  [0m] Mounted Debug File System.
[   12.314105] systemd[1]: Started Journal Service.
[[0;32m  OK  [0m] Started Journal Service.
[[0;32m  OK  [0m] Started Load Kernel Modules.
[[0;32m  OK  [0m] Started Create list of required sta...ce nodes for the current kernel.
[[0;32m  OK  [0m] Started Uncomplicated firewall.
[[0;32m  OK  [0m] Started Remount Root and Kernel File Systems.
[[0;32m  OK  [0m] Started Set console keymap.
[[0;32m  OK  [0m] Started Nameserver information manager.
[[0;32m  OK  [0m] Started LVM2 metadata daemon.
         Starting Load/Save Random Seed...
         Starting udev Coldplug all Devices...
         Starting Create Static Device Nodes in /dev...
         Mounting FUSE Control File System...
         Starting Apply Kernel Variables...
         Starting Flush Journal to Persistent Storage...
[[0;32m  OK  [0m] Mounted FUSE Control File System.
[[0;32m  OK  [0m] Started Load/Save Random Seed.
[[0;32m  OK  [0m] Started Create Static Device Nodes in /dev.
[[0;32m  OK  [0m] Started Apply Kernel Variables.
[[0;32m  OK  [0m] Started udev Coldplug all Devices.
[[0;32m  OK  [0m] Started Flush Journal to Persistent Storage.
         Starting udev Kernel Device Manager...
[[0;32m  OK  [0m] Started udev Kernel Device Manager.
[[0;32m  OK  [0m] Started Dispatch Password Requests to Console Directory Watch.
[[0;32m  OK  [0m] Started Monitoring of LVM2 mirrors,...ng dmeventd or progress polling.
[[0;32m  OK  [0m] Reached target Local File Systems (Pre).
[[0;32m  OK  [0m] Reached target Local File Systems.
         Starting Tell Plymouth To Write Out Runtime Data...
         Starting Commit a transient machine-id on disk...
         Starting LSB: AppArmor initialization...
         Starting Set console font and keymap...
         Starting Initial cloud-init job (pre-networking)...
         Starting Create Volatile Files and Directories...
[[0;32m  OK  [0m] Started Tell Plymouth To Write Out Runtime Data.
[[0;32m  OK  [0m] Started Commit a transient machine-id on disk.
[[0;32m  OK  [0m] Started Create Volatile Files and Directories.
         Starting Update UTMP about System Boot/Shutdown...
[[0;32m  OK  [0m] Found device /dev/ttyS0.
[[0;32m  OK  [0m] Started Update UTMP about System Boot/Shutdown.
[[0;32m  OK  [0m] Listening on Load/Save RF Kill Switch Status /dev/rfkill Watch.
[[0;32m  OK  [0m] Started Set console font and keymap.
[[0;32m  OK  [0m[   13.546961] cloud-init[482]: Cloud-init v. 18.2 running 'init-local' at Wed, 01 Aug 2018 21:26:42 +0000. Up 13.00 seconds.
] Started LSB: AppArmor initialization.
[[0;32m  OK  [0m] Created slice system-getty.slice.
[[0;32m  OK  [0m] Started Initial cloud-init job (pre-networking).
[[0;32m  OK  [0m] Reached target Network (Pre).
         Starting Raise network interfaces...
[[0;32m  OK  [0m] Started Raise network interfaces.
[[0;32m  OK  [0m] Reached target Network.
         Starting Initial cloud-init job (metadata service crawler)...
[   15.259892] cloud-init[966]: Cloud-init v. 18.2 running 'init' at Wed, 01 Aug 2018 21:26:44 +0000. Up 14.39 seconds.
[   15.266295] cloud-init[966]: ci-info: ++++++++++++++++++++++++++++++++++++++Net device info++++++++++++++++++++++++++++++++++++++
[   15.272742] cloud-init[966]: ci-info: +--------+-------+----------------------------+---------------+-------+-------------------+
[   15.278356] cloud-init[966]: ci-info: | Device |   Up  |          Address           |      Mask     | Scope |     Hw-Address    |
[   15.284540] cloud-init[966]: ci-info: +--------+-------+----------------------------+---------------+-------+-------------------+
[   15.291719] cloud-init[966]: ci-info: | enp0s3 |  True |         10.0.2.15          | 255.255.255.0 |   .   | 02:c5:fa:e6:4f:6d |
[   15.299037] cloud-init[966]: ci-info: | enp0s3 |  True | fe80::c5:faff:fee6:4f6d/64 |       .       |  link | 02:c5:fa:e6:4f:6d |
[   15.304827] cloud-init[966]: ci-info: | enp0s8 | False |             .              |       .       |   .   | 08:00:27:89:95:4c |
[   15.310382] cloud-init[966]: ci-info: |   lo   |  True |         127.0.0.1          |   255.0.0.0   |   .   |         .         |
[[0;32m  OK  [0m] Started Initial cloud-init job (metadata service crawler).
[   15.313383] cloud-init[[0;32m  OK  [0m] Reached target Cloud-config availability.
[[0;32m  OK  [0m] Reached target System Initialization.
[966]: ci-info: |   lo   |  True |          ::1/128           |       .       |  host |         .         |
[   15.396375] cloud-init[966]: ci-info: +--------+-------+----------------------------+---------------+-------+-------------------+
[   15.396430] cloud-init[966]: ci-info: +++++++++++++++++++++++++++Route IPv4 info++++++++++++++++++++++++++++
[[0;32m  OK  [0m] Listening on ACPID Listen Socket.
[   15.396472] [[0;32m  OK  [0m] Started Daily Cleanup of Temporary Directories.
cloud-init[966]: ci-info: +-------+-------------+----------+---------------+-----------+-------+
[   15.621710] [[0;32m  OK  [0m] Started ACPI Events Check.
[[0;32m  OK  [0m] Reached target Paths.
[[0;32m  OK  [0m] Started Daily apt download activities.
         Starting Socket activation for snappy daemon.
cloud-init[966]: ci-info: | Route | Destination | Gateway  |    Genmask    | Interface | Flags |
[   15.722799]          Starting LXD - unix socket.
[[0;32m  OK  [0m] Started Daily apt upgrade and clean activities.
[[0;32m  OK  [0m] Listening on D-Bus System Message Bus Socket.
[[0;32m  OK  [0m] Listening on UUID daemon activation socket.
[[0;32m  OK  [0m] Reached target Timers.
cloud-init[966]: ci-info: +-------+-------------+----------+---------------+-----------+-------+
[   15.800666] [[0;32m  OK  [0m] Reached target Network is Online.
cloud-init[966]: ci-info: |   0   |   0.0.0.0   | 10.0.2.2 |    0.0.0.0    |   enp0s3  |   UG  |
[   15.819456]          Starting iSCSI initiator daemon (iscsid)...
[[0;32m  OK  [0m] Listening on Socket activation for snappy daemon.
cloud-init[966]: ci-info: |   1   |   10.0.2.0  | 0.0.0.0  | 255.255.255.0 |   enp0s3  |   U   |
[[0;32m  OK  [0m] Listening on LXD - unix socket.
[   15.868760] [[0;32m  OK  [0m] Reached target Sockets.
[[0;32m  OK  [0m] Reached target Basic System.
cloud-init[966]: ci-info: +-------+-------------+----------+---------------+-----------+-------+
[   15.888869] [[0;32m  OK  [0m] Started FUSE filesystem for LXC.
         Starting LXD - container startup/shutdown...
         Starting Apply the settings specified in cloud-config...
cloud-init[966]: Generating public/private rsa key pair.
[[0;32m  OK  [0m] Started D-Bus System Message Bus.
[   15.906948] cloud-init[966]: Your identification has been saved in /etc/ssh/ssh_host_rsa_key.
[   15.925264] cloud-init[966]: Your public key has been saved in /etc/ssh/ssh_host_rsa_key.pub.
[   15.933331] cloud-init[966]: The key fingerprint is:
[   15.949951] cloud-init[966]: SHA256:QdXTEcqI4RXs+258+88dowFfyDQeAUU5ZUvxQMTn7a8 root@ubuntu-xenial
         Starting Accounts Service...
[   15.961549] [[0;32m  OK  [0m] Started Regular background program processing daemon.
         Starting Login Service...
         Starting LSB: MD monitoring daemon...
cloud-init[966]: The key's randomart image is:
[   15.997909] cloud-init         Starting Snappy daemon...
[966]: [[0;32m  OK  [0m] Started ACPI event daemon.
[[0;32m  OK  [0m] Started Unattended Upgrades Shutdown.
[[0;32m  OK  [0m] Started Deferred execution scheduler.
         Starting System Logging Service...
+---[RSA 2048]----+
[   16.123770]          Starting /etc/rc.local Compatibility...
cloud-init[966]: |        oo+++OOB.|
[   16.138046] cloud-init[966]: |       o +.oo+*.+|
[   16.144870]          Starting Pollinate to seed the pseudo random number generator...
cloud-init[966]: |        +.. o=.+o|
         Starting Virtualbox guest utils...
[   16.171770] cloud-init[966]: |         .. + + o|
         Starting LSB: Record successful boot for GRUB...
[   16.219885] cloud-init[966]: |        S  o + o |
[[0;32m  OK  [0m] Started System Logging Service.
[[0;32m  OK  [0m] Started Snappy daemon.
[   16.267586] cloud-init[966]: |          . o . .|
[   16.283886] cloud-init[966]: |           o o o.|
[[0;32m  OK  [0m] Started LXD - container startup/shutdown.
[[0;32m  OK  [0m] Started /etc/rc.local Compatibility.
[[0;32m  OK  [0m] Started iSCSI initiator daemon (iscsid).
[   16.302673] cloud-init[966]: |            + +.=|
[   16.351928] cloud-init[966]: |           o.oE+*|
[   16.394178] cloud-init[966]: +----[SHA256]-----+
[   16.398777] cloud-init[966]: Generating public/private dsa key pair.
[[0;32m  OK  [0m[   16.425749] cloud-init[966]: Your identification has been saved in /etc/ssh/ssh_host_dsa_key.
] Started LSB: MD monitoring daemon.
[[   16.430045] cloud-init[966]: Your public key has been saved in /etc/ssh/ssh_host_dsa_key.pub.
[0;32m  OK  [0m] Started Virtualbox guest utils.
[   16.500593] cloud-init[966]: The key fingerprint is:
[   16.541846] cloud-init[966]: SHA256:EvzaKnB0iYj0JB6xiFCzdtbx3pumjaafJiff4rXzUVw root@ubuntu-xenial
[[0;32m  OK  [0m[   16.542398] ] cloud-initStarted LSB: Record successful boot for GRUB.[966]: 
The key's randomart image is:
[   16.543269] cloud-init[966]: +---[DSA 1024]----+
[   16.667339] [[0;32m  OK  [0m] Started Login Service.
cloud-init[966]: |.o+   .          |
[   16.675343] cloud-init[966]: |++.+ o o         |
[   16.679122] cloud-init[966]: |=oB.o.+..       E|
         Starting Authenticate and Authorize Users to Run Privileged Tasks...
[   16.703820]          Starting Login to default iSCSI targets...
         Starting Wait until snapd is fully seeded...
cloud-init[966]: |.o.+o o+ .   . . |
[   16.732207] cloud-init[966]: |   . .. S .   o  |
[   16.753031] [[0;32m  OK  [0m] Started Authenticate and Authorize Users to Run Privileged Tasks.
cloud-init[966]: [[0;32m  OK  [0m] Started Accounts Service.
[[0;32m  OK  [0m] Started Login to default iSCSI targets.
[[0;32m  OK  [0m] Reached target Remote File Systems (Pre).
[[0;32m  OK  [0m] Reached target Remote File Systems.
|  . .  +   o .   |
         Starting LSB: daemon to balance interrupts for SMP systems...
[   16.859199] cloud-init[966]: |   o  . . = .    |
[   16.883462] cloud-init[966]: |    . o.=O.. .   |
[   16.893828] cloud-init[966]: |     .o@B.+o.    |
[   16.914740]          cloud-initStarting LSB: Set the CPU Frequency Scaling governor to "ondemand"...[966]: 
+----[SHA256]-----+
[   16.981896]          Starting LSB: automatic crash report generation...
cloud-init[966]: Generating public/private ecdsa key pair.
[   17.056736]          Starting Permit User Sessions...
[[0;32m  OK  [0m] Started Pollinate to seed the pseudo random number generator.
cloud-init[966]: Your identification has been saved in /etc/ssh/ssh_host_ecdsa_key.
[   17.061744] cloud-init[966]: Your public key has been saved in /etc/ssh/ssh_host_ecdsa_key.pub.
[[0;32m  OK  [0m] Started Permit User Sessions.
[   17.062559] cloud-init[966]: The key fingerprint is:
[   17.091980] cloud-init[966]: SHA256:ZjZcS288Eh7bvn4CzAJ48NWYYv9KY6MKaXinvTxchuc root@ubuntu-xenial
[   17.102284] cloud-init[966]: The key's randomart image is:
[   17.113269] cloud-init[966]: +---[ECDSA 256]---+
         Starting Terminate Plymouth Boot Screen...
         Starting Hold until boot process finishes up...
[   17.146146] cloud-init[966]: |         +       |
[   17.157576] cloud-init[966]: |    . o + .      |
         Starting OpenBSD Secure Shell server...
[[0;32m  OK  [0m] Started LSB: daemon to balance interrupts for SMP systems.
[[0;32m  OK  [0m] Started LSB: Set the CPU Frequency Scaling governor to "ondemand".
[[0;32m  OK  [0m] Started LSB: automatic crash report generation.
[[0;32m  OK  [0m] Started Terminate Plymouth Boot Screen.[   17.187602] cloud-init[966]: |     = +  =      |
[   17.344695] cloud-init[966]: |    . +..+ O     |
[   17.344778] cloud-init[966]: |     o .S+= *    |
[   17.344834] cloud-init[966]: | . .. ++*.=+ .   |
[   17.344885] cloud-init[966]: |. =..= + = ..    |
[   17.344930] cloud-init[966]: | o *o E .   ...  |
[   17.344971] cloud-init[966]: |  . =+     .oo   |
[   17.345018] cloud-init[966]: +----[SHA256]-----+
[   17.345061] cloud-init[966]: Generating public/private ed25519 key pair.
[   17.345106] cloud-init[966]: Your identification has been saved in /etc/ssh/ssh_host_ed25519_key.
[   17.345156] cloud-init[966]: Your public key has been saved in /etc/ssh/ssh_host_ed25519_key.pub.
[   17.345198] cloud-init[966]: The key fingerprint is:
[   17.345242] cloud-init[966]: SHA256:I3wt4leIuMq3aBfvq4AsImTFrVmWbmbwhgKt34hdO58 root@ubuntu-xenial
[   17.345285] cloud-init[966]: The key's randomart image is:
[   17.345333] cloud-init[966]: +--[ED25519 256]--+
[   17.345381] cloud-init[966]: |                 |

[   17.362370] cloud-init[966]: | .. . .          |[[0;32m  OK  [0m] Started Hold until boot process finishes up.
[[0;32m  OK  [0m] Started OpenBSD Secure Shell server.

[   17.473194] cloud-init[966]: |. .+ =           |
[   17.486144] cloud-init[966]: |... Xo . o       |
[   17.493158] cloud-init[966]: |.+ +oB= S o      |
[   17.496373] cloud-init[966]: |+=.+*+ + +       |
[   17.499397] cloud-init[966]: |*.= =o. .        |
[   17.502642] cloud-init         Starting Set console scheme...
[[0;32m  OK  [0m] Started Serial Getty on ttyS0.
[966]: |+..+oo.o         |
[   17.513539] cloud-init[966]: | .+oo+E.         |[[0;32m  OK  [0m] Started Getty on tty1.
[[0;32m  OK  [0m] Reached target Login Prompts.
[   17.521336] cloud-init[966]: +----[SHA256]-----+

[[0;32m  OK  [0m[   17.532084] cloud-init[1063]: Generating locales (this might take a while)...
] Started Set console scheme.
[[0;32m  OK  [0m] Started Wait until snapd is fully seeded.
[[0;32m  OK  [0m] Reached target Multi-User System.
[[0;32m  OK  [0m] Reached target Graphical Interface.
         Starting Update UTMP about System Runlevel Changes...
[[0;32m  OK  [0m] Started Update UTMP about System Runlevel Changes.
[   18.004497] cloud-init[1063]:   en_US.UTF-8... done
[   18.012890] cloud-init[1063]: Generation complete.
[[0;32m  OK  [0m] Created slice User Slice of vagrant.
         Starting User Manager for UID 1000...
[[0;32m  OK  [0m] Started Session 1 of user vagrant.
[[0;32m  OK  [0m] Started User Manager for UID 1000.
[   18.441126] cloud-init[1063]: Cloud-init v. 18.2 running 'modules:config' at Wed, 01 Aug 2018 21:26:46 +0000. Up 16.61 seconds.
[[0;32m  OK  [0m] Started Apply the settings specified in cloud-config.
         Starting Execute cloud user/final scripts...
ci-info: no authorized ssh keys fingerprints found for user ubuntu.
<14>Aug  1 21:26:49 ec2: 
<14>Aug  1 21:26:49 ec2: #############################################################
<14>Aug  1 21:26:49 ec2: -----BEGIN SSH HOST KEY FINGERPRINTS-----
<14>Aug  1 21:26:49 ec2: 1024 SHA256:EvzaKnB0iYj0JB6xiFCzdtbx3pumjaafJiff4rXzUVw root@ubuntu-xenial (DSA)
<14>Aug  1 21:26:49 ec2: 256 SHA256:ZjZcS288Eh7bvn4CzAJ48NWYYv9KY6MKaXinvTxchuc root@ubuntu-xenial (ECDSA)
<14>Aug  1 21:26:49 ec2: 256 SHA256:I3wt4leIuMq3aBfvq4AsImTFrVmWbmbwhgKt34hdO58 root@ubuntu-xenial (ED25519)
<14>Aug  1 21:26:49 ec2: 2048 SHA256:QdXTEcqI4RXs+258+88dowFfyDQeAUU5ZUvxQMTn7a8 root@ubuntu-xenial (RSA)
<14>Aug  1 21:26:49 ec2: -----END SSH HOST KEY FINGERPRINTS-----
<14>Aug  1 21:26:49 ec2: #############################################################
-----BEGIN SSH HOST KEY KEYS-----
ecdsa-sha2-nistp256 AAAAE2VjZHNhLXNoYTItbmlzdHAyNTYAAAAIbmlzdHAyNTYAAABBBEDH70kR0IHEUQ14gub+Hkd98tLydSu5Er+by8OryEw3pkX7nhF/8v3BFOKHODTbt//aEcdW7LfAIuGY5Pf99WA= root@ubuntu-xenial
ssh-ed25519 AAAAC3NzaC1lZDI1NTE5AAAAIHrnf67jRxBy0ZIwwuPzQK243lC3Ln/X44o9Ez15/ynU root@ubuntu-xenial
ssh-rsa AAAAB3NzaC1yc2EAAAADAQABAAABAQDMAvHirfJp0Gg411XPXVDmv+ZDHGmhWKDddqtP5Wb07IusU9hTNHy2smIWXNzoVb94+aNzdCpjtAbNKPr+RS47wNmYuMo3+NwNADB8DWgFwOzbWJYHoEoDbYcV6nvsoUetWAprm4rOMcHEaHUS3U4CCTUknrtCpcmwlQGt2ux4Qzd1AI83CnZ7d3vxFK5zEqEH9egoh2T4QoPfNDhdhJk4wv6oFtLSNkAohdfDkQvM1L84c4uDaptTYED0DwbjE3bT3uf7o0lVV/n7aTl+tjoMSFL4Zt8PSkiXEYWn4IRQkd7O20yhXXmj5vr9sI5v/m7/YK1TOnNgzYNpTm9WMxIZ root@ubuntu-xenial
-----END SSH HOST KEY KEYS-----
[   19.485455] cloud-init[1389]: Cloud-init v. 18.2 running 'modules:final' at Wed, 01 Aug 2018 21:26:49 +0000. Up 19.15 seconds.
[   19.503901] cloud-init[1389]: ci-info: no authorized ssh keys fingerprints found for user ubuntu.
[   19.512897] cloud-init[1389]: Cloud-init v. 18.2 finished at Wed, 01 Aug 2018 21:26:49 +0000. Datasource DataSourceNoCloud [seed=/dev/sdb][dsmode=net].  Up 19.47 seconds
[[0;32m  OK  [0m] Started Execute cloud user/final scripts.
[[0;32m  OK  [0m] Reached target Cloud-init target.

Ubuntu 16.04.4 LTS ubuntu-xenial ttyS0

ubuntu-xenial login: 